<?xml version="1.0" encoding="UTF-8"?>
<!-- Generated by org.testng.reporters.JUnitReportReporter -->
<testsuite skipped="0" hostname="SALMAN-PC" name="TestCase.TestCase" tests="3" failures="0" timestamp="2020-06-22T10:13:22 BDT" time="72.301" errors="0">
  <testcase name="doRegistration" time="30.748" classname="TestCase.TestCase"/>
  <system-out>
testuser9342@test.com Signup successful  </system-out>
  <testcase name="doLogin" time="11.443" classname="TestCase.TestCase"/>
  <system-out/>
  <testcase name="doPurchage" time="30.110" classname="TestCase.TestCase"/>
  <system-out/>
</testsuite> <!-- TestCase.TestCase -->
