<?xml version="1.0" encoding="UTF-8"?>
<!-- Generated by org.testng.reporters.JUnitReportReporter -->
<testsuite skipped="0" hostname="SALMAN-PC" name="TestCase.TestCase" tests="2" failures="0" timestamp="2020-06-22T00:10:18 BDT" time="109.475" errors="0">
  <testcase name="doLogin" time="49.969" classname="TestCase.TestCase"/>
  <system-out/>
  <testcase name="doPurchage" time="59.506" classname="TestCase.TestCase"/>
  <system-out/>
</testsuite> <!-- TestCase.TestCase -->
